2014-10-29 08:15:35,398 [Worker-2] INFO  o.e.m.c.i.l.LifecycleMappingFactory - Using org.maven.ide.eclipse.wtp.WarLifecycleMapping lifecycle mapping for MavenProject: pw:pw-jsp-servlet:0.0.1-SNAPSHOT @ C:\Users\gusthavo.abreu\Documents\GitHub\PW_query\Documents\GitHub\PW\CompraFacil\pom.xml.
2014-10-29 08:15:42,218 [Worker-7] INFO  o.e.m.c.i.l.LifecycleMappingFactory - Using org.maven.ide.eclipse.wtp.WarLifecycleMapping lifecycle mapping for MavenProject: pw:pw-jsp-servlet:0.0.1-SNAPSHOT @ C:\Users\gusthavo.abreu\Documents\GitHub\PW_query\Documents\GitHub\PW\CompraFacil\pom.xml.
2014-10-29 08:15:43,149 [Worker-2] INFO  o.e.m.j.i.AbstractJavaProjectConfigurator - Adding source folder /pw-jsp-servlet/src/main/java
2014-10-29 08:15:43,149 [Worker-2] INFO  o.e.m.j.i.AbstractJavaProjectConfigurator - Adding source folder /pw-jsp-servlet/src/test/java
2014-10-29 08:15:45,522 [Worker-2] INFO  o.e.m.c.i.p.ProjectConfigurationManager - Imported and configured 1 project(s) in 22 sec
2014-10-29 08:15:48,041 [Worker-2] INFO  o.e.m.c.i.l.LifecycleMappingFactory - Using org.maven.ide.eclipse.wtp.WarLifecycleMapping lifecycle mapping for MavenProject: pw:pw-jsp-servlet:0.0.1-SNAPSHOT @ C:\Users\gusthavo.abreu\Documents\GitHub\PW_query\Documents\GitHub\PW\CompraFacil\pom.xml.
2014-10-29 08:15:48,941 [Worker-2] INFO  o.e.m.c.i.embedder.EclipseLogger - Using 'UTF-8' encoding to copy filtered resources.
2014-10-29 08:15:48,942 [Worker-2] INFO  o.e.m.c.i.embedder.EclipseLogger - skip non existing resourceDirectory C:\Users\gusthavo.abreu\Documents\GitHub\PW_query\Documents\GitHub\PW\CompraFacil\src\main\resources
2014-10-29 08:15:48,950 [Worker-2] INFO  o.e.m.c.i.embedder.EclipseLogger - Using 'UTF-8' encoding to copy filtered resources.
2014-10-29 08:15:48,951 [Worker-2] INFO  o.e.m.c.i.embedder.EclipseLogger - skip non existing resourceDirectory C:\Users\gusthavo.abreu\Documents\GitHub\PW_query\Documents\GitHub\PW\CompraFacil\src\test\resources
2014-10-29 08:17:16,611 [main] INFO  o.e.m2e.actions.ExecutePomAction - Creating new launch configuration
2014-10-29 08:17:22,042 [Worker-3] INFO  o.e.m.i.launch.MavenLaunchDelegate - C:\Users\gusthavo.abreu\Documents\GitHub\PW_query\Documents\GitHub\PW\CompraFacil
2014-10-29 08:17:22,042 [Worker-3] INFO  o.e.m.i.launch.MavenLaunchDelegate -  mvn  -B tomcat7:run
2014-10-29 08:51:02,481 [Worker-1] INFO  o.e.m.c.i.embedder.EclipseLogger - Using 'UTF-8' encoding to copy filtered resources.
2014-10-29 08:51:02,481 [Worker-1] INFO  o.e.m.c.i.embedder.EclipseLogger - skip non existing resourceDirectory C:\Users\gusthavo.abreu\Documents\GitHub\PW_query\Documents\GitHub\PW\CompraFacil\src\main\resources
2014-10-29 08:51:02,481 [Worker-1] INFO  o.e.m.c.i.embedder.EclipseLogger - Using 'UTF-8' encoding to copy filtered resources.
2014-10-29 08:51:02,481 [Worker-1] INFO  o.e.m.c.i.embedder.EclipseLogger - skip non existing resourceDirectory C:\Users\gusthavo.abreu\Documents\GitHub\PW_query\Documents\GitHub\PW\CompraFacil\src\test\resources
2014-10-29 09:24:15,405 [Worker-2] INFO  o.e.m.c.i.embedder.EclipseLogger - Using 'UTF-8' encoding to copy filtered resources.
2014-10-29 09:24:15,405 [Worker-2] INFO  o.e.m.c.i.embedder.EclipseLogger - skip non existing resourceDirectory C:\Users\gusthavo.abreu\Documents\GitHub\PW_query\Documents\GitHub\PW\CompraFacil\src\main\resources
2014-10-29 09:24:15,405 [Worker-2] INFO  o.e.m.c.i.embedder.EclipseLogger - Using 'UTF-8' encoding to copy filtered resources.
2014-10-29 09:24:15,405 [Worker-2] INFO  o.e.m.c.i.embedder.EclipseLogger - skip non existing resourceDirectory C:\Users\gusthavo.abreu\Documents\GitHub\PW_query\Documents\GitHub\PW\CompraFacil\src\test\resources
2014-10-29 09:24:25,033 [Worker-2] INFO  o.e.m.c.i.embedder.EclipseLogger - Using 'UTF-8' encoding to copy filtered resources.
2014-10-29 09:24:25,033 [Worker-2] INFO  o.e.m.c.i.embedder.EclipseLogger - skip non existing resourceDirectory C:\Users\gusthavo.abreu\Documents\GitHub\PW_query\Documents\GitHub\PW\CompraFacil\src\main\resources
2014-10-29 09:24:25,043 [Worker-2] INFO  o.e.m.c.i.embedder.EclipseLogger - Using 'UTF-8' encoding to copy filtered resources.
2014-10-29 09:24:25,043 [Worker-2] INFO  o.e.m.c.i.embedder.EclipseLogger - skip non existing resourceDirectory C:\Users\gusthavo.abreu\Documents\GitHub\PW_query\Documents\GitHub\PW\CompraFacil\src\test\resources
2014-10-29 09:24:28,894 [Worker-1] INFO  o.e.m.c.i.embedder.EclipseLogger - Using 'UTF-8' encoding to copy filtered resources.
2014-10-29 09:24:28,894 [Worker-1] INFO  o.e.m.c.i.embedder.EclipseLogger - skip non existing resourceDirectory C:\Users\gusthavo.abreu\Documents\GitHub\PW_query\Documents\GitHub\PW\CompraFacil\src\main\resources
2014-10-29 09:24:28,894 [Worker-1] INFO  o.e.m.c.i.embedder.EclipseLogger - Using 'UTF-8' encoding to copy filtered resources.
2014-10-29 09:24:28,894 [Worker-1] INFO  o.e.m.c.i.embedder.EclipseLogger - skip non existing resourceDirectory C:\Users\gusthavo.abreu\Documents\GitHub\PW_query\Documents\GitHub\PW\CompraFacil\src\test\resources
2014-10-29 09:24:41,975 [Worker-2] INFO  o.e.m.c.i.embedder.EclipseLogger - Using 'UTF-8' encoding to copy filtered resources.
2014-10-29 09:24:41,975 [Worker-2] INFO  o.e.m.c.i.embedder.EclipseLogger - skip non existing resourceDirectory C:\Users\gusthavo.abreu\Documents\GitHub\PW_query\Documents\GitHub\PW\CompraFacil\src\main\resources
2014-10-29 09:24:41,975 [Worker-2] INFO  o.e.m.c.i.embedder.EclipseLogger - Using 'UTF-8' encoding to copy filtered resources.
2014-10-29 09:24:41,975 [Worker-2] INFO  o.e.m.c.i.embedder.EclipseLogger - skip non existing resourceDirectory C:\Users\gusthavo.abreu\Documents\GitHub\PW_query\Documents\GitHub\PW\CompraFacil\src\test\resources
2014-10-29 09:25:53,706 [Worker-1] INFO  o.e.m.c.i.embedder.EclipseLogger - Using 'UTF-8' encoding to copy filtered resources.
2014-10-29 09:25:53,706 [Worker-1] INFO  o.e.m.c.i.embedder.EclipseLogger - skip non existing resourceDirectory C:\Users\gusthavo.abreu\Documents\GitHub\PW_query\Documents\GitHub\PW\CompraFacil\src\main\resources
2014-10-29 09:25:53,716 [Worker-1] INFO  o.e.m.c.i.embedder.EclipseLogger - Using 'UTF-8' encoding to copy filtered resources.
2014-10-29 09:25:53,716 [Worker-1] INFO  o.e.m.c.i.embedder.EclipseLogger - skip non existing resourceDirectory C:\Users\gusthavo.abreu\Documents\GitHub\PW_query\Documents\GitHub\PW\CompraFacil\src\test\resources
2014-10-29 09:26:09,247 [Worker-1] INFO  o.e.m.c.i.embedder.EclipseLogger - Using 'UTF-8' encoding to copy filtered resources.
2014-10-29 09:26:09,248 [Worker-1] INFO  o.e.m.c.i.embedder.EclipseLogger - skip non existing resourceDirectory C:\Users\gusthavo.abreu\Documents\GitHub\PW_query\Documents\GitHub\PW\CompraFacil\src\main\resources
2014-10-29 09:26:09,252 [Worker-1] INFO  o.e.m.c.i.embedder.EclipseLogger - Using 'UTF-8' encoding to copy filtered resources.
2014-10-29 09:26:09,253 [Worker-1] INFO  o.e.m.c.i.embedder.EclipseLogger - skip non existing resourceDirectory C:\Users\gusthavo.abreu\Documents\GitHub\PW_query\Documents\GitHub\PW\CompraFacil\src\test\resources
2014-10-29 09:26:15,006 [Worker-11] INFO  o.e.m.c.i.embedder.EclipseLogger - Using 'UTF-8' encoding to copy filtered resources.
2014-10-29 09:26:15,006 [Worker-11] INFO  o.e.m.c.i.embedder.EclipseLogger - skip non existing resourceDirectory C:\Users\gusthavo.abreu\Documents\GitHub\PW_query\Documents\GitHub\PW\CompraFacil\src\main\resources
2014-10-29 09:26:15,006 [Worker-11] INFO  o.e.m.c.i.embedder.EclipseLogger - Using 'UTF-8' encoding to copy filtered resources.
2014-10-29 09:26:15,006 [Worker-11] INFO  o.e.m.c.i.embedder.EclipseLogger - skip non existing resourceDirectory C:\Users\gusthavo.abreu\Documents\GitHub\PW_query\Documents\GitHub\PW\CompraFacil\src\test\resources
2014-10-29 09:26:21,247 [Worker-10] INFO  o.e.m.c.i.embedder.EclipseLogger - Using 'UTF-8' encoding to copy filtered resources.
2014-10-29 09:26:21,247 [Worker-10] INFO  o.e.m.c.i.embedder.EclipseLogger - skip non existing resourceDirectory C:\Users\gusthavo.abreu\Documents\GitHub\PW_query\Documents\GitHub\PW\CompraFacil\src\main\resources
2014-10-29 09:26:21,247 [Worker-10] INFO  o.e.m.c.i.embedder.EclipseLogger - Using 'UTF-8' encoding to copy filtered resources.
2014-10-29 09:26:21,247 [Worker-10] INFO  o.e.m.c.i.embedder.EclipseLogger - skip non existing resourceDirectory C:\Users\gusthavo.abreu\Documents\GitHub\PW_query\Documents\GitHub\PW\CompraFacil\src\test\resources
2014-10-29 09:26:39,412 [Worker-1] INFO  o.e.m.c.i.embedder.EclipseLogger - Using 'UTF-8' encoding to copy filtered resources.
2014-10-29 09:26:39,412 [Worker-1] INFO  o.e.m.c.i.embedder.EclipseLogger - skip non existing resourceDirectory C:\Users\gusthavo.abreu\Documents\GitHub\PW_query\Documents\GitHub\PW\CompraFacil\src\main\resources
2014-10-29 09:26:39,412 [Worker-1] INFO  o.e.m.c.i.embedder.EclipseLogger - Using 'UTF-8' encoding to copy filtered resources.
2014-10-29 09:26:39,412 [Worker-1] INFO  o.e.m.c.i.embedder.EclipseLogger - skip non existing resourceDirectory C:\Users\gusthavo.abreu\Documents\GitHub\PW_query\Documents\GitHub\PW\CompraFacil\src\test\resources
2014-10-29 09:27:16,075 [Worker-10] INFO  o.e.m.c.i.embedder.EclipseLogger - Using 'UTF-8' encoding to copy filtered resources.
2014-10-29 09:27:16,075 [Worker-10] INFO  o.e.m.c.i.embedder.EclipseLogger - skip non existing resourceDirectory C:\Users\gusthavo.abreu\Documents\GitHub\PW_query\Documents\GitHub\PW\CompraFacil\src\main\resources
2014-10-29 09:27:16,085 [Worker-10] INFO  o.e.m.c.i.embedder.EclipseLogger - Using 'UTF-8' encoding to copy filtered resources.
2014-10-29 09:27:16,085 [Worker-10] INFO  o.e.m.c.i.embedder.EclipseLogger - skip non existing resourceDirectory C:\Users\gusthavo.abreu\Documents\GitHub\PW_query\Documents\GitHub\PW\CompraFacil\src\test\resources
2014-10-29 09:27:25,847 [Worker-10] INFO  o.e.m.c.i.embedder.EclipseLogger - Using 'UTF-8' encoding to copy filtered resources.
2014-10-29 09:27:25,847 [Worker-10] INFO  o.e.m.c.i.embedder.EclipseLogger - skip non existing resourceDirectory C:\Users\gusthavo.abreu\Documents\GitHub\PW_query\Documents\GitHub\PW\CompraFacil\src\main\resources
2014-10-29 09:27:25,847 [Worker-10] INFO  o.e.m.c.i.embedder.EclipseLogger - Using 'UTF-8' encoding to copy filtered resources.
2014-10-29 09:27:25,847 [Worker-10] INFO  o.e.m.c.i.embedder.EclipseLogger - skip non existing resourceDirectory C:\Users\gusthavo.abreu\Documents\GitHub\PW_query\Documents\GitHub\PW\CompraFacil\src\test\resources
2014-10-29 09:27:32,558 [Worker-8] INFO  o.e.m.c.i.embedder.EclipseLogger - Using 'UTF-8' encoding to copy filtered resources.
2014-10-29 09:27:32,558 [Worker-8] INFO  o.e.m.c.i.embedder.EclipseLogger - skip non existing resourceDirectory C:\Users\gusthavo.abreu\Documents\GitHub\PW_query\Documents\GitHub\PW\CompraFacil\src\main\resources
2014-10-29 09:27:32,558 [Worker-8] INFO  o.e.m.c.i.embedder.EclipseLogger - Using 'UTF-8' encoding to copy filtered resources.
2014-10-29 09:27:32,558 [Worker-8] INFO  o.e.m.c.i.embedder.EclipseLogger - skip non existing resourceDirectory C:\Users\gusthavo.abreu\Documents\GitHub\PW_query\Documents\GitHub\PW\CompraFacil\src\test\resources
2014-10-29 09:27:42,829 [Worker-11] INFO  o.e.m.c.i.embedder.EclipseLogger - Using 'UTF-8' encoding to copy filtered resources.
2014-10-29 09:27:42,829 [Worker-11] INFO  o.e.m.c.i.embedder.EclipseLogger - skip non existing resourceDirectory C:\Users\gusthavo.abreu\Documents\GitHub\PW_query\Documents\GitHub\PW\CompraFacil\src\main\resources
2014-10-29 09:27:42,829 [Worker-11] INFO  o.e.m.c.i.embedder.EclipseLogger - Using 'UTF-8' encoding to copy filtered resources.
2014-10-29 09:27:42,829 [Worker-11] INFO  o.e.m.c.i.embedder.EclipseLogger - skip non existing resourceDirectory C:\Users\gusthavo.abreu\Documents\GitHub\PW_query\Documents\GitHub\PW\CompraFacil\src\test\resources
2014-10-29 09:30:28,367 [Worker-13] INFO  o.e.m.c.i.embedder.EclipseLogger - Using 'UTF-8' encoding to copy filtered resources.
2014-10-29 09:30:28,367 [Worker-13] INFO  o.e.m.c.i.embedder.EclipseLogger - skip non existing resourceDirectory C:\Users\gusthavo.abreu\Documents\GitHub\PW_query\Documents\GitHub\PW\CompraFacil\src\main\resources
2014-10-29 09:30:28,367 [Worker-13] INFO  o.e.m.c.i.embedder.EclipseLogger - Using 'UTF-8' encoding to copy filtered resources.
2014-10-29 09:30:28,367 [Worker-13] INFO  o.e.m.c.i.embedder.EclipseLogger - skip non existing resourceDirectory C:\Users\gusthavo.abreu\Documents\GitHub\PW_query\Documents\GitHub\PW\CompraFacil\src\test\resources
2014-10-29 09:31:18,745 [Worker-11] INFO  o.e.m.c.i.embedder.EclipseLogger - Using 'UTF-8' encoding to copy filtered resources.
2014-10-29 09:31:18,745 [Worker-11] INFO  o.e.m.c.i.embedder.EclipseLogger - skip non existing resourceDirectory C:\Users\gusthavo.abreu\Documents\GitHub\PW_query\Documents\GitHub\PW\CompraFacil\src\main\resources
2014-10-29 09:31:18,745 [Worker-11] INFO  o.e.m.c.i.embedder.EclipseLogger - Using 'UTF-8' encoding to copy filtered resources.
2014-10-29 09:31:18,745 [Worker-11] INFO  o.e.m.c.i.embedder.EclipseLogger - skip non existing resourceDirectory C:\Users\gusthavo.abreu\Documents\GitHub\PW_query\Documents\GitHub\PW\CompraFacil\src\test\resources
2014-10-29 09:31:28,314 [Worker-8] INFO  o.e.m.i.launch.MavenLaunchDelegate - C:\Users\gusthavo.abreu\Documents\GitHub\PW_query\Documents\GitHub\PW\CompraFacil
2014-10-29 09:31:28,314 [Worker-8] INFO  o.e.m.i.launch.MavenLaunchDelegate -  mvn  -B tomcat7:run
2014-10-29 09:34:26,719 [Worker-1] INFO  o.e.m.c.i.embedder.EclipseLogger - Using 'UTF-8' encoding to copy filtered resources.
2014-10-29 09:34:26,719 [Worker-1] INFO  o.e.m.c.i.embedder.EclipseLogger - skip non existing resourceDirectory C:\Users\gusthavo.abreu\Documents\GitHub\PW_query\Documents\GitHub\PW\CompraFacil\src\main\resources
2014-10-29 09:34:26,719 [Worker-1] INFO  o.e.m.c.i.embedder.EclipseLogger - Using 'UTF-8' encoding to copy filtered resources.
2014-10-29 09:34:26,719 [Worker-1] INFO  o.e.m.c.i.embedder.EclipseLogger - skip non existing resourceDirectory C:\Users\gusthavo.abreu\Documents\GitHub\PW_query\Documents\GitHub\PW\CompraFacil\src\test\resources
2014-10-29 09:34:36,121 [Worker-8] INFO  o.e.m.c.i.embedder.EclipseLogger - Using 'UTF-8' encoding to copy filtered resources.
2014-10-29 09:34:36,121 [Worker-8] INFO  o.e.m.c.i.embedder.EclipseLogger - skip non existing resourceDirectory C:\Users\gusthavo.abreu\Documents\GitHub\PW_query\Documents\GitHub\PW\CompraFacil\src\main\resources
2014-10-29 09:34:36,121 [Worker-8] INFO  o.e.m.c.i.embedder.EclipseLogger - Using 'UTF-8' encoding to copy filtered resources.
2014-10-29 09:34:36,121 [Worker-8] INFO  o.e.m.c.i.embedder.EclipseLogger - skip non existing resourceDirectory C:\Users\gusthavo.abreu\Documents\GitHub\PW_query\Documents\GitHub\PW\CompraFacil\src\test\resources
2014-10-29 09:34:53,050 [Worker-12] INFO  o.e.m.c.i.embedder.EclipseLogger - Using 'UTF-8' encoding to copy filtered resources.
2014-10-29 09:34:53,050 [Worker-12] INFO  o.e.m.c.i.embedder.EclipseLogger - skip non existing resourceDirectory C:\Users\gusthavo.abreu\Documents\GitHub\PW_query\Documents\GitHub\PW\CompraFacil\src\main\resources
2014-10-29 09:34:53,050 [Worker-12] INFO  o.e.m.c.i.embedder.EclipseLogger - Using 'UTF-8' encoding to copy filtered resources.
2014-10-29 09:34:53,050 [Worker-12] INFO  o.e.m.c.i.embedder.EclipseLogger - skip non existing resourceDirectory C:\Users\gusthavo.abreu\Documents\GitHub\PW_query\Documents\GitHub\PW\CompraFacil\src\test\resources
2014-10-29 09:36:35,723 [Worker-2] INFO  o.e.m.c.i.embedder.EclipseLogger - Using 'UTF-8' encoding to copy filtered resources.
2014-10-29 09:36:35,723 [Worker-2] INFO  o.e.m.c.i.embedder.EclipseLogger - skip non existing resourceDirectory C:\Users\gusthavo.abreu\Documents\GitHub\PW_query\Documents\GitHub\PW\CompraFacil\src\main\resources
2014-10-29 09:36:35,723 [Worker-2] INFO  o.e.m.c.i.embedder.EclipseLogger - Using 'UTF-8' encoding to copy filtered resources.
2014-10-29 09:36:35,723 [Worker-2] INFO  o.e.m.c.i.embedder.EclipseLogger - skip non existing resourceDirectory C:\Users\gusthavo.abreu\Documents\GitHub\PW_query\Documents\GitHub\PW\CompraFacil\src\test\resources
2014-10-29 09:36:52,239 [Worker-10] INFO  o.e.m.c.i.embedder.EclipseLogger - Using 'UTF-8' encoding to copy filtered resources.
2014-10-29 09:36:52,239 [Worker-10] INFO  o.e.m.c.i.embedder.EclipseLogger - skip non existing resourceDirectory C:\Users\gusthavo.abreu\Documents\GitHub\PW_query\Documents\GitHub\PW\CompraFacil\src\main\resources
2014-10-29 09:36:52,239 [Worker-10] INFO  o.e.m.c.i.embedder.EclipseLogger - Using 'UTF-8' encoding to copy filtered resources.
2014-10-29 09:36:52,239 [Worker-10] INFO  o.e.m.c.i.embedder.EclipseLogger - skip non existing resourceDirectory C:\Users\gusthavo.abreu\Documents\GitHub\PW_query\Documents\GitHub\PW\CompraFacil\src\test\resources
2014-10-29 09:37:05,546 [Worker-10] INFO  o.e.m.c.i.embedder.EclipseLogger - Using 'UTF-8' encoding to copy filtered resources.
2014-10-29 09:37:05,546 [Worker-10] INFO  o.e.m.c.i.embedder.EclipseLogger - skip non existing resourceDirectory C:\Users\gusthavo.abreu\Documents\GitHub\PW_query\Documents\GitHub\PW\CompraFacil\src\main\resources
2014-10-29 09:37:05,546 [Worker-10] INFO  o.e.m.c.i.embedder.EclipseLogger - Using 'UTF-8' encoding to copy filtered resources.
2014-10-29 09:37:05,546 [Worker-10] INFO  o.e.m.c.i.embedder.EclipseLogger - skip non existing resourceDirectory C:\Users\gusthavo.abreu\Documents\GitHub\PW_query\Documents\GitHub\PW\CompraFacil\src\test\resources
2014-10-29 09:37:31,740 [Worker-10] INFO  o.e.m.c.i.embedder.EclipseLogger - Using 'UTF-8' encoding to copy filtered resources.
2014-10-29 09:37:31,740 [Worker-10] INFO  o.e.m.c.i.embedder.EclipseLogger - skip non existing resourceDirectory C:\Users\gusthavo.abreu\Documents\GitHub\PW_query\Documents\GitHub\PW\CompraFacil\src\main\resources
2014-10-29 09:37:31,740 [Worker-10] INFO  o.e.m.c.i.embedder.EclipseLogger - Using 'UTF-8' encoding to copy filtered resources.
2014-10-29 09:37:31,740 [Worker-10] INFO  o.e.m.c.i.embedder.EclipseLogger - skip non existing resourceDirectory C:\Users\gusthavo.abreu\Documents\GitHub\PW_query\Documents\GitHub\PW\CompraFacil\src\test\resources
2014-10-29 09:41:28,404 [Worker-12] INFO  o.e.m.c.i.embedder.EclipseLogger - Using 'UTF-8' encoding to copy filtered resources.
2014-10-29 09:41:28,404 [Worker-12] INFO  o.e.m.c.i.embedder.EclipseLogger - skip non existing resourceDirectory C:\Users\gusthavo.abreu\Documents\GitHub\PW_query\Documents\GitHub\PW\CompraFacil\src\main\resources
2014-10-29 09:41:28,404 [Worker-12] INFO  o.e.m.c.i.embedder.EclipseLogger - Using 'UTF-8' encoding to copy filtered resources.
2014-10-29 09:41:28,404 [Worker-12] INFO  o.e.m.c.i.embedder.EclipseLogger - skip non existing resourceDirectory C:\Users\gusthavo.abreu\Documents\GitHub\PW_query\Documents\GitHub\PW\CompraFacil\src\test\resources
2014-10-29 09:41:59,907 [Worker-1] INFO  o.e.m.i.launch.MavenLaunchDelegate - C:\Users\gusthavo.abreu\Documents\GitHub\PW_query\Documents\GitHub\PW\CompraFacil
2014-10-29 09:41:59,907 [Worker-1] INFO  o.e.m.i.launch.MavenLaunchDelegate -  mvn  -B tomcat7:run
2014-10-29 09:43:07,097 [Worker-8] INFO  o.e.m.c.i.embedder.EclipseLogger - Using 'UTF-8' encoding to copy filtered resources.
2014-10-29 09:43:07,097 [Worker-8] INFO  o.e.m.c.i.embedder.EclipseLogger - skip non existing resourceDirectory C:\Users\gusthavo.abreu\Documents\GitHub\PW_query\Documents\GitHub\PW\CompraFacil\src\main\resources
2014-10-29 09:43:07,097 [Worker-8] INFO  o.e.m.c.i.embedder.EclipseLogger - Using 'UTF-8' encoding to copy filtered resources.
2014-10-29 09:43:07,097 [Worker-8] INFO  o.e.m.c.i.embedder.EclipseLogger - skip non existing resourceDirectory C:\Users\gusthavo.abreu\Documents\GitHub\PW_query\Documents\GitHub\PW\CompraFacil\src\test\resources
2014-10-29 09:44:16,470 [Worker-9] INFO  o.e.m.c.i.embedder.EclipseLogger - Using 'UTF-8' encoding to copy filtered resources.
2014-10-29 09:44:16,470 [Worker-9] INFO  o.e.m.c.i.embedder.EclipseLogger - skip non existing resourceDirectory C:\Users\gusthavo.abreu\Documents\GitHub\PW_query\Documents\GitHub\PW\CompraFacil\src\main\resources
2014-10-29 09:44:16,470 [Worker-9] INFO  o.e.m.c.i.embedder.EclipseLogger - Using 'UTF-8' encoding to copy filtered resources.
2014-10-29 09:44:16,470 [Worker-9] INFO  o.e.m.c.i.embedder.EclipseLogger - skip non existing resourceDirectory C:\Users\gusthavo.abreu\Documents\GitHub\PW_query\Documents\GitHub\PW\CompraFacil\src\test\resources
2014-10-29 09:44:56,347 [Worker-8] INFO  o.e.m.c.i.embedder.EclipseLogger - Using 'UTF-8' encoding to copy filtered resources.
2014-10-29 09:44:56,347 [Worker-8] INFO  o.e.m.c.i.embedder.EclipseLogger - skip non existing resourceDirectory C:\Users\gusthavo.abreu\Documents\GitHub\PW_query\Documents\GitHub\PW\CompraFacil\src\main\resources
2014-10-29 09:44:56,347 [Worker-8] INFO  o.e.m.c.i.embedder.EclipseLogger - Using 'UTF-8' encoding to copy filtered resources.
2014-10-29 09:44:56,347 [Worker-8] INFO  o.e.m.c.i.embedder.EclipseLogger - skip non existing resourceDirectory C:\Users\gusthavo.abreu\Documents\GitHub\PW_query\Documents\GitHub\PW\CompraFacil\src\test\resources
2014-10-29 09:45:42,621 [Worker-2] INFO  o.e.m.c.i.embedder.EclipseLogger - Using 'UTF-8' encoding to copy filtered resources.
2014-10-29 09:45:42,621 [Worker-2] INFO  o.e.m.c.i.embedder.EclipseLogger - skip non existing resourceDirectory C:\Users\gusthavo.abreu\Documents\GitHub\PW_query\Documents\GitHub\PW\CompraFacil\src\main\resources
2014-10-29 09:45:42,631 [Worker-2] INFO  o.e.m.c.i.embedder.EclipseLogger - Using 'UTF-8' encoding to copy filtered resources.
2014-10-29 09:45:42,631 [Worker-2] INFO  o.e.m.c.i.embedder.EclipseLogger - skip non existing resourceDirectory C:\Users\gusthavo.abreu\Documents\GitHub\PW_query\Documents\GitHub\PW\CompraFacil\src\test\resources
2014-10-29 09:46:29,717 [Worker-9] INFO  o.e.m.c.i.embedder.EclipseLogger - Using 'UTF-8' encoding to copy filtered resources.
2014-10-29 09:46:29,727 [Worker-9] INFO  o.e.m.c.i.embedder.EclipseLogger - skip non existing resourceDirectory C:\Users\gusthavo.abreu\Documents\GitHub\PW_query\Documents\GitHub\PW\CompraFacil\src\main\resources
2014-10-29 09:46:29,727 [Worker-9] INFO  o.e.m.c.i.embedder.EclipseLogger - Using 'UTF-8' encoding to copy filtered resources.
2014-10-29 09:46:29,727 [Worker-9] INFO  o.e.m.c.i.embedder.EclipseLogger - skip non existing resourceDirectory C:\Users\gusthavo.abreu\Documents\GitHub\PW_query\Documents\GitHub\PW\CompraFacil\src\test\resources
2014-10-29 09:46:53,612 [Worker-9] INFO  o.e.m.c.i.embedder.EclipseLogger - Using 'UTF-8' encoding to copy filtered resources.
2014-10-29 09:46:53,612 [Worker-9] INFO  o.e.m.c.i.embedder.EclipseLogger - skip non existing resourceDirectory C:\Users\gusthavo.abreu\Documents\GitHub\PW_query\Documents\GitHub\PW\CompraFacil\src\main\resources
2014-10-29 09:46:53,622 [Worker-9] INFO  o.e.m.c.i.embedder.EclipseLogger - Using 'UTF-8' encoding to copy filtered resources.
2014-10-29 09:46:53,622 [Worker-9] INFO  o.e.m.c.i.embedder.EclipseLogger - skip non existing resourceDirectory C:\Users\gusthavo.abreu\Documents\GitHub\PW_query\Documents\GitHub\PW\CompraFacil\src\test\resources
2014-10-29 09:47:04,582 [Worker-1] INFO  o.e.m.c.i.embedder.EclipseLogger - Using 'UTF-8' encoding to copy filtered resources.
2014-10-29 09:47:04,582 [Worker-1] INFO  o.e.m.c.i.embedder.EclipseLogger - skip non existing resourceDirectory C:\Users\gusthavo.abreu\Documents\GitHub\PW_query\Documents\GitHub\PW\CompraFacil\src\main\resources
2014-10-29 09:47:04,592 [Worker-1] INFO  o.e.m.c.i.embedder.EclipseLogger - Using 'UTF-8' encoding to copy filtered resources.
2014-10-29 09:47:04,592 [Worker-1] INFO  o.e.m.c.i.embedder.EclipseLogger - skip non existing resourceDirectory C:\Users\gusthavo.abreu\Documents\GitHub\PW_query\Documents\GitHub\PW\CompraFacil\src\test\resources
2014-10-29 09:47:16,957 [Worker-11] INFO  o.e.m.i.launch.MavenLaunchDelegate - C:\Users\gusthavo.abreu\Documents\GitHub\PW_query\Documents\GitHub\PW\CompraFacil
2014-10-29 09:47:16,957 [Worker-11] INFO  o.e.m.i.launch.MavenLaunchDelegate -  mvn  -B tomcat7:run
2014-10-29 09:48:22,987 [Worker-2] INFO  o.e.m.c.i.embedder.EclipseLogger - Using 'UTF-8' encoding to copy filtered resources.
2014-10-29 09:48:22,987 [Worker-2] INFO  o.e.m.c.i.embedder.EclipseLogger - skip non existing resourceDirectory C:\Users\gusthavo.abreu\Documents\GitHub\PW_query\Documents\GitHub\PW\CompraFacil\src\main\resources
2014-10-29 09:48:22,987 [Worker-2] INFO  o.e.m.c.i.embedder.EclipseLogger - Using 'UTF-8' encoding to copy filtered resources.
2014-10-29 09:48:22,987 [Worker-2] INFO  o.e.m.c.i.embedder.EclipseLogger - skip non existing resourceDirectory C:\Users\gusthavo.abreu\Documents\GitHub\PW_query\Documents\GitHub\PW\CompraFacil\src\test\resources
2014-10-29 09:48:26,928 [Worker-2] INFO  o.e.m.c.i.embedder.EclipseLogger - Using 'UTF-8' encoding to copy filtered resources.
2014-10-29 09:48:26,928 [Worker-2] INFO  o.e.m.c.i.embedder.EclipseLogger - skip non existing resourceDirectory C:\Users\gusthavo.abreu\Documents\GitHub\PW_query\Documents\GitHub\PW\CompraFacil\src\main\resources
2014-10-29 09:48:26,928 [Worker-2] INFO  o.e.m.c.i.embedder.EclipseLogger - Using 'UTF-8' encoding to copy filtered resources.
2014-10-29 09:48:26,928 [Worker-2] INFO  o.e.m.c.i.embedder.EclipseLogger - skip non existing resourceDirectory C:\Users\gusthavo.abreu\Documents\GitHub\PW_query\Documents\GitHub\PW\CompraFacil\src\test\resources
2014-10-29 09:49:02,103 [Worker-12] INFO  o.e.m.c.i.embedder.EclipseLogger - Using 'UTF-8' encoding to copy filtered resources.
2014-10-29 09:49:02,103 [Worker-12] INFO  o.e.m.c.i.embedder.EclipseLogger - skip non existing resourceDirectory C:\Users\gusthavo.abreu\Documents\GitHub\PW_query\Documents\GitHub\PW\CompraFacil\src\main\resources
2014-10-29 09:49:02,103 [Worker-12] INFO  o.e.m.c.i.embedder.EclipseLogger - Using 'UTF-8' encoding to copy filtered resources.
2014-10-29 09:49:02,103 [Worker-12] INFO  o.e.m.c.i.embedder.EclipseLogger - skip non existing resourceDirectory C:\Users\gusthavo.abreu\Documents\GitHub\PW_query\Documents\GitHub\PW\CompraFacil\src\test\resources
2014-10-29 09:49:58,725 [Worker-10] INFO  o.e.m.c.i.embedder.EclipseLogger - Using 'UTF-8' encoding to copy filtered resources.
2014-10-29 09:49:58,725 [Worker-10] INFO  o.e.m.c.i.embedder.EclipseLogger - skip non existing resourceDirectory C:\Users\gusthavo.abreu\Documents\GitHub\PW_query\Documents\GitHub\PW\CompraFacil\src\main\resources
2014-10-29 09:49:58,735 [Worker-10] INFO  o.e.m.c.i.embedder.EclipseLogger - Using 'UTF-8' encoding to copy filtered resources.
2014-10-29 09:49:58,735 [Worker-10] INFO  o.e.m.c.i.embedder.EclipseLogger - skip non existing resourceDirectory C:\Users\gusthavo.abreu\Documents\GitHub\PW_query\Documents\GitHub\PW\CompraFacil\src\test\resources
2014-10-29 09:50:10,868 [Worker-8] INFO  o.e.m.c.i.embedder.EclipseLogger - Using 'UTF-8' encoding to copy filtered resources.
2014-10-29 09:50:10,868 [Worker-8] INFO  o.e.m.c.i.embedder.EclipseLogger - skip non existing resourceDirectory C:\Users\gusthavo.abreu\Documents\GitHub\PW_query\Documents\GitHub\PW\CompraFacil\src\main\resources
2014-10-29 09:50:10,878 [Worker-8] INFO  o.e.m.c.i.embedder.EclipseLogger - Using 'UTF-8' encoding to copy filtered resources.
2014-10-29 09:50:10,878 [Worker-8] INFO  o.e.m.c.i.embedder.EclipseLogger - skip non existing resourceDirectory C:\Users\gusthavo.abreu\Documents\GitHub\PW_query\Documents\GitHub\PW\CompraFacil\src\test\resources
2014-10-29 09:50:28,423 [Worker-1] INFO  o.e.m.c.i.embedder.EclipseLogger - Using 'UTF-8' encoding to copy filtered resources.
2014-10-29 09:50:28,423 [Worker-1] INFO  o.e.m.c.i.embedder.EclipseLogger - skip non existing resourceDirectory C:\Users\gusthavo.abreu\Documents\GitHub\PW_query\Documents\GitHub\PW\CompraFacil\src\main\resources
2014-10-29 09:50:28,423 [Worker-1] INFO  o.e.m.c.i.embedder.EclipseLogger - Using 'UTF-8' encoding to copy filtered resources.
2014-10-29 09:50:28,423 [Worker-1] INFO  o.e.m.c.i.embedder.EclipseLogger - skip non existing resourceDirectory C:\Users\gusthavo.abreu\Documents\GitHub\PW_query\Documents\GitHub\PW\CompraFacil\src\test\resources
2014-10-29 09:50:32,714 [Worker-13] INFO  o.e.m.c.i.embedder.EclipseLogger - Using 'UTF-8' encoding to copy filtered resources.
2014-10-29 09:50:32,714 [Worker-13] INFO  o.e.m.c.i.embedder.EclipseLogger - skip non existing resourceDirectory C:\Users\gusthavo.abreu\Documents\GitHub\PW_query\Documents\GitHub\PW\CompraFacil\src\main\resources
2014-10-29 09:50:32,724 [Worker-13] INFO  o.e.m.c.i.embedder.EclipseLogger - Using 'UTF-8' encoding to copy filtered resources.
2014-10-29 09:50:32,724 [Worker-13] INFO  o.e.m.c.i.embedder.EclipseLogger - skip non existing resourceDirectory C:\Users\gusthavo.abreu\Documents\GitHub\PW_query\Documents\GitHub\PW\CompraFacil\src\test\resources
2014-10-29 09:50:36,855 [Worker-1] INFO  o.e.m.c.i.embedder.EclipseLogger - Using 'UTF-8' encoding to copy filtered resources.
2014-10-29 09:50:36,855 [Worker-1] INFO  o.e.m.c.i.embedder.EclipseLogger - skip non existing resourceDirectory C:\Users\gusthavo.abreu\Documents\GitHub\PW_query\Documents\GitHub\PW\CompraFacil\src\main\resources
2014-10-29 09:50:36,855 [Worker-1] INFO  o.e.m.c.i.embedder.EclipseLogger - Using 'UTF-8' encoding to copy filtered resources.
2014-10-29 09:50:36,855 [Worker-1] INFO  o.e.m.c.i.embedder.EclipseLogger - skip non existing resourceDirectory C:\Users\gusthavo.abreu\Documents\GitHub\PW_query\Documents\GitHub\PW\CompraFacil\src\test\resources
2014-10-29 09:50:38,885 [Worker-9] INFO  o.e.m.c.i.embedder.EclipseLogger - Using 'UTF-8' encoding to copy filtered resources.
2014-10-29 09:50:38,885 [Worker-9] INFO  o.e.m.c.i.embedder.EclipseLogger - skip non existing resourceDirectory C:\Users\gusthavo.abreu\Documents\GitHub\PW_query\Documents\GitHub\PW\CompraFacil\src\main\resources
2014-10-29 09:50:38,885 [Worker-9] INFO  o.e.m.c.i.embedder.EclipseLogger - Using 'UTF-8' encoding to copy filtered resources.
2014-10-29 09:50:38,885 [Worker-9] INFO  o.e.m.c.i.embedder.EclipseLogger - skip non existing resourceDirectory C:\Users\gusthavo.abreu\Documents\GitHub\PW_query\Documents\GitHub\PW\CompraFacil\src\test\resources
2014-10-29 09:50:42,547 [Worker-14] INFO  o.e.m.c.i.embedder.EclipseLogger - Using 'UTF-8' encoding to copy filtered resources.
2014-10-29 09:50:42,547 [Worker-14] INFO  o.e.m.c.i.embedder.EclipseLogger - skip non existing resourceDirectory C:\Users\gusthavo.abreu\Documents\GitHub\PW_query\Documents\GitHub\PW\CompraFacil\src\main\resources
2014-10-29 09:50:42,547 [Worker-14] INFO  o.e.m.c.i.embedder.EclipseLogger - Using 'UTF-8' encoding to copy filtered resources.
2014-10-29 09:50:42,547 [Worker-14] INFO  o.e.m.c.i.embedder.EclipseLogger - skip non existing resourceDirectory C:\Users\gusthavo.abreu\Documents\GitHub\PW_query\Documents\GitHub\PW\CompraFacil\src\test\resources
2014-10-29 09:50:50,506 [Worker-9] INFO  o.e.m.i.launch.MavenLaunchDelegate - C:\Users\gusthavo.abreu\Documents\GitHub\PW_query\Documents\GitHub\PW\CompraFacil
2014-10-29 09:50:50,506 [Worker-9] INFO  o.e.m.i.launch.MavenLaunchDelegate -  mvn  -B tomcat7:run
2014-10-29 09:52:52,147 [Worker-14] INFO  o.e.m.c.i.embedder.EclipseLogger - Using 'UTF-8' encoding to copy filtered resources.
2014-10-29 09:52:52,147 [Worker-14] INFO  o.e.m.c.i.embedder.EclipseLogger - skip non existing resourceDirectory C:\Users\gusthavo.abreu\Documents\GitHub\PW_query\Documents\GitHub\PW\CompraFacil\src\main\resources
2014-10-29 09:52:52,157 [Worker-14] INFO  o.e.m.c.i.embedder.EclipseLogger - Using 'UTF-8' encoding to copy filtered resources.
2014-10-29 09:52:52,157 [Worker-14] INFO  o.e.m.c.i.embedder.EclipseLogger - skip non existing resourceDirectory C:\Users\gusthavo.abreu\Documents\GitHub\PW_query\Documents\GitHub\PW\CompraFacil\src\test\resources
2014-10-29 09:52:55,692 [Worker-12] INFO  o.e.m.c.i.embedder.EclipseLogger - Using 'UTF-8' encoding to copy filtered resources.
2014-10-29 09:52:55,693 [Worker-12] INFO  o.e.m.c.i.embedder.EclipseLogger - skip non existing resourceDirectory C:\Users\gusthavo.abreu\Documents\GitHub\PW_query\Documents\GitHub\PW\CompraFacil\src\main\resources
2014-10-29 09:52:55,695 [Worker-12] INFO  o.e.m.c.i.embedder.EclipseLogger - Using 'UTF-8' encoding to copy filtered resources.
2014-10-29 09:52:55,699 [Worker-12] INFO  o.e.m.c.i.embedder.EclipseLogger - skip non existing resourceDirectory C:\Users\gusthavo.abreu\Documents\GitHub\PW_query\Documents\GitHub\PW\CompraFacil\src\test\resources
2014-10-29 09:53:06,081 [Worker-2] INFO  o.e.m.c.i.embedder.EclipseLogger - Using 'UTF-8' encoding to copy filtered resources.
2014-10-29 09:53:06,081 [Worker-2] INFO  o.e.m.c.i.embedder.EclipseLogger - skip non existing resourceDirectory C:\Users\gusthavo.abreu\Documents\GitHub\PW_query\Documents\GitHub\PW\CompraFacil\src\main\resources
2014-10-29 09:53:06,081 [Worker-2] INFO  o.e.m.c.i.embedder.EclipseLogger - Using 'UTF-8' encoding to copy filtered resources.
2014-10-29 09:53:06,091 [Worker-2] INFO  o.e.m.c.i.embedder.EclipseLogger - skip non existing resourceDirectory C:\Users\gusthavo.abreu\Documents\GitHub\PW_query\Documents\GitHub\PW\CompraFacil\src\test\resources
2014-10-29 09:53:10,002 [Worker-14] INFO  o.e.m.c.i.embedder.EclipseLogger - Using 'UTF-8' encoding to copy filtered resources.
2014-10-29 09:53:10,002 [Worker-14] INFO  o.e.m.c.i.embedder.EclipseLogger - skip non existing resourceDirectory C:\Users\gusthavo.abreu\Documents\GitHub\PW_query\Documents\GitHub\PW\CompraFacil\src\main\resources
2014-10-29 09:53:10,002 [Worker-14] INFO  o.e.m.c.i.embedder.EclipseLogger - Using 'UTF-8' encoding to copy filtered resources.
2014-10-29 09:53:10,002 [Worker-14] INFO  o.e.m.c.i.embedder.EclipseLogger - skip non existing resourceDirectory C:\Users\gusthavo.abreu\Documents\GitHub\PW_query\Documents\GitHub\PW\CompraFacil\src\test\resources
2014-10-29 09:53:54,401 [Worker-12] INFO  o.e.m.c.i.embedder.EclipseLogger - Using 'UTF-8' encoding to copy filtered resources.
2014-10-29 09:53:54,401 [Worker-12] INFO  o.e.m.c.i.embedder.EclipseLogger - skip non existing resourceDirectory C:\Users\gusthavo.abreu\Documents\GitHub\PW_query\Documents\GitHub\PW\CompraFacil\src\main\resources
2014-10-29 09:53:54,411 [Worker-12] INFO  o.e.m.c.i.embedder.EclipseLogger - Using 'UTF-8' encoding to copy filtered resources.
2014-10-29 09:53:54,411 [Worker-12] INFO  o.e.m.c.i.embedder.EclipseLogger - skip non existing resourceDirectory C:\Users\gusthavo.abreu\Documents\GitHub\PW_query\Documents\GitHub\PW\CompraFacil\src\test\resources
2014-10-29 09:53:57,689 [Worker-12] INFO  o.e.m.c.i.embedder.EclipseLogger - Using 'UTF-8' encoding to copy filtered resources.
2014-10-29 09:53:57,689 [Worker-12] INFO  o.e.m.c.i.embedder.EclipseLogger - skip non existing resourceDirectory C:\Users\gusthavo.abreu\Documents\GitHub\PW_query\Documents\GitHub\PW\CompraFacil\src\main\resources
2014-10-29 09:53:57,689 [Worker-12] INFO  o.e.m.c.i.embedder.EclipseLogger - Using 'UTF-8' encoding to copy filtered resources.
2014-10-29 09:53:57,689 [Worker-12] INFO  o.e.m.c.i.embedder.EclipseLogger - skip non existing resourceDirectory C:\Users\gusthavo.abreu\Documents\GitHub\PW_query\Documents\GitHub\PW\CompraFacil\src\test\resources
2014-10-29 09:55:29,387 [Worker-2] INFO  o.e.m.c.i.embedder.EclipseLogger - Using 'UTF-8' encoding to copy filtered resources.
2014-10-29 09:55:29,387 [Worker-2] INFO  o.e.m.c.i.embedder.EclipseLogger - skip non existing resourceDirectory C:\Users\gusthavo.abreu\Documents\GitHub\PW_query\Documents\GitHub\PW\CompraFacil\src\main\resources
2014-10-29 09:55:29,397 [Worker-2] INFO  o.e.m.c.i.embedder.EclipseLogger - Using 'UTF-8' encoding to copy filtered resources.
2014-10-29 09:55:29,397 [Worker-2] INFO  o.e.m.c.i.embedder.EclipseLogger - skip non existing resourceDirectory C:\Users\gusthavo.abreu\Documents\GitHub\PW_query\Documents\GitHub\PW\CompraFacil\src\test\resources
2014-10-29 09:55:40,093 [Worker-11] INFO  o.e.m.c.i.embedder.EclipseLogger - Using 'UTF-8' encoding to copy filtered resources.
2014-10-29 09:55:40,093 [Worker-11] INFO  o.e.m.c.i.embedder.EclipseLogger - skip non existing resourceDirectory C:\Users\gusthavo.abreu\Documents\GitHub\PW_query\Documents\GitHub\PW\CompraFacil\src\main\resources
2014-10-29 09:55:40,093 [Worker-11] INFO  o.e.m.c.i.embedder.EclipseLogger - Using 'UTF-8' encoding to copy filtered resources.
2014-10-29 09:55:40,103 [Worker-11] INFO  o.e.m.c.i.embedder.EclipseLogger - skip non existing resourceDirectory C:\Users\gusthavo.abreu\Documents\GitHub\PW_query\Documents\GitHub\PW\CompraFacil\src\test\resources
2014-10-29 09:59:21,857 [Worker-13] INFO  o.e.m.c.i.embedder.EclipseLogger - Using 'UTF-8' encoding to copy filtered resources.
2014-10-29 09:59:21,857 [Worker-13] INFO  o.e.m.c.i.embedder.EclipseLogger - skip non existing resourceDirectory C:\Users\gusthavo.abreu\Documents\GitHub\PW_query\Documents\GitHub\PW\CompraFacil\src\main\resources
2014-10-29 09:59:21,857 [Worker-13] INFO  o.e.m.c.i.embedder.EclipseLogger - Using 'UTF-8' encoding to copy filtered resources.
2014-10-29 09:59:21,857 [Worker-13] INFO  o.e.m.c.i.embedder.EclipseLogger - skip non existing resourceDirectory C:\Users\gusthavo.abreu\Documents\GitHub\PW_query\Documents\GitHub\PW\CompraFacil\src\test\resources
2014-10-29 09:59:31,510 [Worker-1] INFO  o.e.m.c.i.embedder.EclipseLogger - Using 'UTF-8' encoding to copy filtered resources.
2014-10-29 09:59:31,510 [Worker-1] INFO  o.e.m.c.i.embedder.EclipseLogger - skip non existing resourceDirectory C:\Users\gusthavo.abreu\Documents\GitHub\PW_query\Documents\GitHub\PW\CompraFacil\src\main\resources
2014-10-29 09:59:31,520 [Worker-1] INFO  o.e.m.c.i.embedder.EclipseLogger - Using 'UTF-8' encoding to copy filtered resources.
2014-10-29 09:59:31,520 [Worker-1] INFO  o.e.m.c.i.embedder.EclipseLogger - skip non existing resourceDirectory C:\Users\gusthavo.abreu\Documents\GitHub\PW_query\Documents\GitHub\PW\CompraFacil\src\test\resources
2014-10-29 09:59:43,668 [Worker-13] INFO  o.e.m.c.i.embedder.EclipseLogger - Using 'UTF-8' encoding to copy filtered resources.
2014-10-29 09:59:43,668 [Worker-13] INFO  o.e.m.c.i.embedder.EclipseLogger - skip non existing resourceDirectory C:\Users\gusthavo.abreu\Documents\GitHub\PW_query\Documents\GitHub\PW\CompraFacil\src\main\resources
2014-10-29 09:59:43,668 [Worker-13] INFO  o.e.m.c.i.embedder.EclipseLogger - Using 'UTF-8' encoding to copy filtered resources.
2014-10-29 09:59:43,668 [Worker-13] INFO  o.e.m.c.i.embedder.EclipseLogger - skip non existing resourceDirectory C:\Users\gusthavo.abreu\Documents\GitHub\PW_query\Documents\GitHub\PW\CompraFacil\src\test\resources
2014-10-29 10:00:08,884 [Worker-2] INFO  o.e.m.c.i.embedder.EclipseLogger - Using 'UTF-8' encoding to copy filtered resources.
2014-10-29 10:00:08,884 [Worker-2] INFO  o.e.m.c.i.embedder.EclipseLogger - skip non existing resourceDirectory C:\Users\gusthavo.abreu\Documents\GitHub\PW_query\Documents\GitHub\PW\CompraFacil\src\main\resources
2014-10-29 10:00:08,884 [Worker-2] INFO  o.e.m.c.i.embedder.EclipseLogger - Using 'UTF-8' encoding to copy filtered resources.
2014-10-29 10:00:08,884 [Worker-2] INFO  o.e.m.c.i.embedder.EclipseLogger - skip non existing resourceDirectory C:\Users\gusthavo.abreu\Documents\GitHub\PW_query\Documents\GitHub\PW\CompraFacil\src\test\resources
2014-10-29 10:00:56,063 [Worker-14] INFO  o.e.m.c.i.embedder.EclipseLogger - Using 'UTF-8' encoding to copy filtered resources.
2014-10-29 10:00:56,063 [Worker-14] INFO  o.e.m.c.i.embedder.EclipseLogger - skip non existing resourceDirectory C:\Users\gusthavo.abreu\Documents\GitHub\PW_query\Documents\GitHub\PW\CompraFacil\src\main\resources
2014-10-29 10:00:56,073 [Worker-14] INFO  o.e.m.c.i.embedder.EclipseLogger - Using 'UTF-8' encoding to copy filtered resources.
2014-10-29 10:00:56,073 [Worker-14] INFO  o.e.m.c.i.embedder.EclipseLogger - skip non existing resourceDirectory C:\Users\gusthavo.abreu\Documents\GitHub\PW_query\Documents\GitHub\PW\CompraFacil\src\test\resources
2014-10-29 10:01:02,968 [Worker-13] INFO  o.e.m.c.i.embedder.EclipseLogger - Using 'UTF-8' encoding to copy filtered resources.
2014-10-29 10:01:02,968 [Worker-13] INFO  o.e.m.c.i.embedder.EclipseLogger - skip non existing resourceDirectory C:\Users\gusthavo.abreu\Documents\GitHub\PW_query\Documents\GitHub\PW\CompraFacil\src\main\resources
2014-10-29 10:01:02,968 [Worker-13] INFO  o.e.m.c.i.embedder.EclipseLogger - Using 'UTF-8' encoding to copy filtered resources.
2014-10-29 10:01:02,968 [Worker-13] INFO  o.e.m.c.i.embedder.EclipseLogger - skip non existing resourceDirectory C:\Users\gusthavo.abreu\Documents\GitHub\PW_query\Documents\GitHub\PW\CompraFacil\src\test\resources
2014-10-29 10:01:25,448 [Worker-16] INFO  o.e.m.c.i.embedder.EclipseLogger - Using 'UTF-8' encoding to copy filtered resources.
2014-10-29 10:01:25,448 [Worker-16] INFO  o.e.m.c.i.embedder.EclipseLogger - skip non existing resourceDirectory C:\Users\gusthavo.abreu\Documents\GitHub\PW_query\Documents\GitHub\PW\CompraFacil\src\main\resources
2014-10-29 10:01:25,458 [Worker-16] INFO  o.e.m.c.i.embedder.EclipseLogger - Using 'UTF-8' encoding to copy filtered resources.
2014-10-29 10:01:25,458 [Worker-16] INFO  o.e.m.c.i.embedder.EclipseLogger - skip non existing resourceDirectory C:\Users\gusthavo.abreu\Documents\GitHub\PW_query\Documents\GitHub\PW\CompraFacil\src\test\resources
2014-10-29 10:02:14,130 [Worker-2] INFO  o.e.m.c.i.embedder.EclipseLogger - Using 'UTF-8' encoding to copy filtered resources.
2014-10-29 10:02:14,130 [Worker-2] INFO  o.e.m.c.i.embedder.EclipseLogger - skip non existing resourceDirectory C:\Users\gusthavo.abreu\Documents\GitHub\PW_query\Documents\GitHub\PW\CompraFacil\src\main\resources
2014-10-29 10:02:14,130 [Worker-2] INFO  o.e.m.c.i.embedder.EclipseLogger - Using 'UTF-8' encoding to copy filtered resources.
2014-10-29 10:02:14,130 [Worker-2] INFO  o.e.m.c.i.embedder.EclipseLogger - skip non existing resourceDirectory C:\Users\gusthavo.abreu\Documents\GitHub\PW_query\Documents\GitHub\PW\CompraFacil\src\test\resources
2014-10-29 10:02:16,652 [Worker-12] INFO  o.e.m.c.i.embedder.EclipseLogger - Using 'UTF-8' encoding to copy filtered resources.
2014-10-29 10:02:16,652 [Worker-12] INFO  o.e.m.c.i.embedder.EclipseLogger - skip non existing resourceDirectory C:\Users\gusthavo.abreu\Documents\GitHub\PW_query\Documents\GitHub\PW\CompraFacil\src\main\resources
2014-10-29 10:02:16,652 [Worker-12] INFO  o.e.m.c.i.embedder.EclipseLogger - Using 'UTF-8' encoding to copy filtered resources.
2014-10-29 10:02:16,652 [Worker-12] INFO  o.e.m.c.i.embedder.EclipseLogger - skip non existing resourceDirectory C:\Users\gusthavo.abreu\Documents\GitHub\PW_query\Documents\GitHub\PW\CompraFacil\src\test\resources
2014-10-29 10:02:38,151 [Worker-13] INFO  o.e.m.c.i.embedder.EclipseLogger - Using 'UTF-8' encoding to copy filtered resources.
2014-10-29 10:02:38,151 [Worker-13] INFO  o.e.m.c.i.embedder.EclipseLogger - skip non existing resourceDirectory C:\Users\gusthavo.abreu\Documents\GitHub\PW_query\Documents\GitHub\PW\CompraFacil\src\main\resources
2014-10-29 10:02:38,161 [Worker-13] INFO  o.e.m.c.i.embedder.EclipseLogger - Using 'UTF-8' encoding to copy filtered resources.
2014-10-29 10:02:38,161 [Worker-13] INFO  o.e.m.c.i.embedder.EclipseLogger - skip non existing resourceDirectory C:\Users\gusthavo.abreu\Documents\GitHub\PW_query\Documents\GitHub\PW\CompraFacil\src\test\resources
2014-10-29 10:02:44,092 [Worker-16] INFO  o.e.m.c.i.embedder.EclipseLogger - Using 'UTF-8' encoding to copy filtered resources.
2014-10-29 10:02:44,092 [Worker-16] INFO  o.e.m.c.i.embedder.EclipseLogger - skip non existing resourceDirectory C:\Users\gusthavo.abreu\Documents\GitHub\PW_query\Documents\GitHub\PW\CompraFacil\src\main\resources
2014-10-29 10:02:44,092 [Worker-16] INFO  o.e.m.c.i.embedder.EclipseLogger - Using 'UTF-8' encoding to copy filtered resources.
2014-10-29 10:02:44,092 [Worker-16] INFO  o.e.m.c.i.embedder.EclipseLogger - skip non existing resourceDirectory C:\Users\gusthavo.abreu\Documents\GitHub\PW_query\Documents\GitHub\PW\CompraFacil\src\test\resources
2014-10-29 10:08:51,347 [Worker-1] INFO  o.e.m.c.i.embedder.EclipseLogger - Using 'UTF-8' encoding to copy filtered resources.
2014-10-29 10:08:51,347 [Worker-1] INFO  o.e.m.c.i.embedder.EclipseLogger - skip non existing resourceDirectory C:\Users\gusthavo.abreu\Documents\GitHub\PW_query\Documents\GitHub\PW\CompraFacil\src\main\resources
2014-10-29 10:08:51,347 [Worker-1] INFO  o.e.m.c.i.embedder.EclipseLogger - Using 'UTF-8' encoding to copy filtered resources.
2014-10-29 10:08:51,347 [Worker-1] INFO  o.e.m.c.i.embedder.EclipseLogger - skip non existing resourceDirectory C:\Users\gusthavo.abreu\Documents\GitHub\PW_query\Documents\GitHub\PW\CompraFacil\src\test\resources
2014-10-29 10:08:56,328 [Worker-10] INFO  o.e.m.c.i.embedder.EclipseLogger - Using 'UTF-8' encoding to copy filtered resources.
2014-10-29 10:08:56,328 [Worker-10] INFO  o.e.m.c.i.embedder.EclipseLogger - skip non existing resourceDirectory C:\Users\gusthavo.abreu\Documents\GitHub\PW_query\Documents\GitHub\PW\CompraFacil\src\main\resources
2014-10-29 10:08:56,328 [Worker-10] INFO  o.e.m.c.i.embedder.EclipseLogger - Using 'UTF-8' encoding to copy filtered resources.
2014-10-29 10:08:56,328 [Worker-10] INFO  o.e.m.c.i.embedder.EclipseLogger - skip non existing resourceDirectory C:\Users\gusthavo.abreu\Documents\GitHub\PW_query\Documents\GitHub\PW\CompraFacil\src\test\resources
2014-10-29 10:09:32,149 [Worker-16] INFO  o.e.m.c.i.embedder.EclipseLogger - Using 'UTF-8' encoding to copy filtered resources.
2014-10-29 10:09:32,149 [Worker-16] INFO  o.e.m.c.i.embedder.EclipseLogger - skip non existing resourceDirectory C:\Users\gusthavo.abreu\Documents\GitHub\PW_query\Documents\GitHub\PW\CompraFacil\src\main\resources
2014-10-29 10:09:32,149 [Worker-16] INFO  o.e.m.c.i.embedder.EclipseLogger - Using 'UTF-8' encoding to copy filtered resources.
2014-10-29 10:09:32,149 [Worker-16] INFO  o.e.m.c.i.embedder.EclipseLogger - skip non existing resourceDirectory C:\Users\gusthavo.abreu\Documents\GitHub\PW_query\Documents\GitHub\PW\CompraFacil\src\test\resources
2014-10-29 10:09:44,108 [Worker-13] INFO  o.e.m.c.i.embedder.EclipseLogger - Using 'UTF-8' encoding to copy filtered resources.
2014-10-29 10:09:44,108 [Worker-13] INFO  o.e.m.c.i.embedder.EclipseLogger - skip non existing resourceDirectory C:\Users\gusthavo.abreu\Documents\GitHub\PW_query\Documents\GitHub\PW\CompraFacil\src\main\resources
2014-10-29 10:09:44,108 [Worker-13] INFO  o.e.m.c.i.embedder.EclipseLogger - Using 'UTF-8' encoding to copy filtered resources.
2014-10-29 10:09:44,108 [Worker-13] INFO  o.e.m.c.i.embedder.EclipseLogger - skip non existing resourceDirectory C:\Users\gusthavo.abreu\Documents\GitHub\PW_query\Documents\GitHub\PW\CompraFacil\src\test\resources
2014-10-29 10:16:49,404 [Worker-17] INFO  o.e.m.c.i.embedder.EclipseLogger - Using 'UTF-8' encoding to copy filtered resources.
2014-10-29 10:16:49,404 [Worker-17] INFO  o.e.m.c.i.embedder.EclipseLogger - skip non existing resourceDirectory C:\Users\gusthavo.abreu\Documents\GitHub\PW_query\Documents\GitHub\PW\CompraFacil\src\main\resources
2014-10-29 10:16:49,404 [Worker-17] INFO  o.e.m.c.i.embedder.EclipseLogger - Using 'UTF-8' encoding to copy filtered resources.
2014-10-29 10:16:49,404 [Worker-17] INFO  o.e.m.c.i.embedder.EclipseLogger - skip non existing resourceDirectory C:\Users\gusthavo.abreu\Documents\GitHub\PW_query\Documents\GitHub\PW\CompraFacil\src\test\resources
2014-10-29 10:22:18,579 [Worker-15] INFO  o.e.m.c.i.embedder.EclipseLogger - Using 'UTF-8' encoding to copy filtered resources.
2014-10-29 10:22:18,579 [Worker-15] INFO  o.e.m.c.i.embedder.EclipseLogger - skip non existing resourceDirectory C:\Users\gusthavo.abreu\Documents\GitHub\PW_query\Documents\GitHub\PW\CompraFacil\src\main\resources
2014-10-29 10:22:18,579 [Worker-15] INFO  o.e.m.c.i.embedder.EclipseLogger - Using 'UTF-8' encoding to copy filtered resources.
2014-10-29 10:22:18,579 [Worker-15] INFO  o.e.m.c.i.embedder.EclipseLogger - skip non existing resourceDirectory C:\Users\gusthavo.abreu\Documents\GitHub\PW_query\Documents\GitHub\PW\CompraFacil\src\test\resources
2014-10-29 10:22:27,291 [Worker-14] INFO  o.e.m.c.i.embedder.EclipseLogger - Using 'UTF-8' encoding to copy filtered resources.
2014-10-29 10:22:27,291 [Worker-14] INFO  o.e.m.c.i.embedder.EclipseLogger - skip non existing resourceDirectory C:\Users\gusthavo.abreu\Documents\GitHub\PW_query\Documents\GitHub\PW\CompraFacil\src\main\resources
2014-10-29 10:22:27,291 [Worker-14] INFO  o.e.m.c.i.embedder.EclipseLogger - Using 'UTF-8' encoding to copy filtered resources.
2014-10-29 10:22:27,291 [Worker-14] INFO  o.e.m.c.i.embedder.EclipseLogger - skip non existing resourceDirectory C:\Users\gusthavo.abreu\Documents\GitHub\PW_query\Documents\GitHub\PW\CompraFacil\src\test\resources
2014-10-29 10:24:28,380 [Worker-13] INFO  o.e.m.c.i.embedder.EclipseLogger - Using 'UTF-8' encoding to copy filtered resources.
2014-10-29 10:24:28,380 [Worker-13] INFO  o.e.m.c.i.embedder.EclipseLogger - skip non existing resourceDirectory C:\Users\gusthavo.abreu\Documents\GitHub\PW_query\Documents\GitHub\PW\CompraFacil\src\main\resources
2014-10-29 10:24:28,380 [Worker-13] INFO  o.e.m.c.i.embedder.EclipseLogger - Using 'UTF-8' encoding to copy filtered resources.
2014-10-29 10:24:28,380 [Worker-13] INFO  o.e.m.c.i.embedder.EclipseLogger - skip non existing resourceDirectory C:\Users\gusthavo.abreu\Documents\GitHub\PW_query\Documents\GitHub\PW\CompraFacil\src\test\resources
2014-10-29 10:27:19,625 [Worker-13] INFO  o.e.m.c.i.embedder.EclipseLogger - Using 'UTF-8' encoding to copy filtered resources.
2014-10-29 10:27:19,625 [Worker-13] INFO  o.e.m.c.i.embedder.EclipseLogger - skip non existing resourceDirectory C:\Users\gusthavo.abreu\Documents\GitHub\PW_query\Documents\GitHub\PW\CompraFacil\src\main\resources
2014-10-29 10:27:19,635 [Worker-13] INFO  o.e.m.c.i.embedder.EclipseLogger - Using 'UTF-8' encoding to copy filtered resources.
2014-10-29 10:27:19,635 [Worker-13] INFO  o.e.m.c.i.embedder.EclipseLogger - skip non existing resourceDirectory C:\Users\gusthavo.abreu\Documents\GitHub\PW_query\Documents\GitHub\PW\CompraFacil\src\test\resources
2014-10-29 10:27:44,333 [Worker-18] INFO  o.e.m.c.i.embedder.EclipseLogger - Using 'UTF-8' encoding to copy filtered resources.
2014-10-29 10:27:44,333 [Worker-18] INFO  o.e.m.c.i.embedder.EclipseLogger - skip non existing resourceDirectory C:\Users\gusthavo.abreu\Documents\GitHub\PW_query\Documents\GitHub\PW\CompraFacil\src\main\resources
2014-10-29 10:27:44,353 [Worker-18] INFO  o.e.m.c.i.embedder.EclipseLogger - Using 'UTF-8' encoding to copy filtered resources.
2014-10-29 10:27:44,353 [Worker-18] INFO  o.e.m.c.i.embedder.EclipseLogger - skip non existing resourceDirectory C:\Users\gusthavo.abreu\Documents\GitHub\PW_query\Documents\GitHub\PW\CompraFacil\src\test\resources
2014-10-29 10:28:17,860 [Worker-16] INFO  o.e.m.c.i.embedder.EclipseLogger - Using 'UTF-8' encoding to copy filtered resources.
2014-10-29 10:28:17,860 [Worker-16] INFO  o.e.m.c.i.embedder.EclipseLogger - skip non existing resourceDirectory C:\Users\gusthavo.abreu\Documents\GitHub\PW_query\Documents\GitHub\PW\CompraFacil\src\main\resources
2014-10-29 10:28:17,870 [Worker-16] INFO  o.e.m.c.i.embedder.EclipseLogger - Using 'UTF-8' encoding to copy filtered resources.
2014-10-29 10:28:17,870 [Worker-16] INFO  o.e.m.c.i.embedder.EclipseLogger - skip non existing resourceDirectory C:\Users\gusthavo.abreu\Documents\GitHub\PW_query\Documents\GitHub\PW\CompraFacil\src\test\resources
2014-10-29 10:28:24,394 [Worker-15] INFO  o.e.m.c.i.embedder.EclipseLogger - Using 'UTF-8' encoding to copy filtered resources.
2014-10-29 10:28:24,394 [Worker-15] INFO  o.e.m.c.i.embedder.EclipseLogger - skip non existing resourceDirectory C:\Users\gusthavo.abreu\Documents\GitHub\PW_query\Documents\GitHub\PW\CompraFacil\src\main\resources
2014-10-29 10:28:24,394 [Worker-15] INFO  o.e.m.c.i.embedder.EclipseLogger - Using 'UTF-8' encoding to copy filtered resources.
2014-10-29 10:28:24,394 [Worker-15] INFO  o.e.m.c.i.embedder.EclipseLogger - skip non existing resourceDirectory C:\Users\gusthavo.abreu\Documents\GitHub\PW_query\Documents\GitHub\PW\CompraFacil\src\test\resources
2014-10-29 10:28:26,537 [Worker-17] INFO  o.e.m.c.i.embedder.EclipseLogger - Using 'UTF-8' encoding to copy filtered resources.
2014-10-29 10:28:26,537 [Worker-17] INFO  o.e.m.c.i.embedder.EclipseLogger - skip non existing resourceDirectory C:\Users\gusthavo.abreu\Documents\GitHub\PW_query\Documents\GitHub\PW\CompraFacil\src\main\resources
2014-10-29 10:28:26,538 [Worker-17] INFO  o.e.m.c.i.embedder.EclipseLogger - Using 'UTF-8' encoding to copy filtered resources.
2014-10-29 10:28:26,538 [Worker-17] INFO  o.e.m.c.i.embedder.EclipseLogger - skip non existing resourceDirectory C:\Users\gusthavo.abreu\Documents\GitHub\PW_query\Documents\GitHub\PW\CompraFacil\src\test\resources
2014-10-29 10:35:15,815 [Worker-18] INFO  o.e.m.c.i.embedder.EclipseLogger - Using 'UTF-8' encoding to copy filtered resources.
2014-10-29 10:35:15,815 [Worker-18] INFO  o.e.m.c.i.embedder.EclipseLogger - skip non existing resourceDirectory C:\Users\gusthavo.abreu\Documents\GitHub\PW_query\Documents\GitHub\PW\CompraFacil\src\main\resources
2014-10-29 10:35:15,815 [Worker-18] INFO  o.e.m.c.i.embedder.EclipseLogger - Using 'UTF-8' encoding to copy filtered resources.
2014-10-29 10:35:15,815 [Worker-18] INFO  o.e.m.c.i.embedder.EclipseLogger - skip non existing resourceDirectory C:\Users\gusthavo.abreu\Documents\GitHub\PW_query\Documents\GitHub\PW\CompraFacil\src\test\resources
2014-10-29 10:35:53,170 [Worker-14] INFO  o.e.m.c.i.embedder.EclipseLogger - Using 'UTF-8' encoding to copy filtered resources.
2014-10-29 10:35:53,170 [Worker-14] INFO  o.e.m.c.i.embedder.EclipseLogger - skip non existing resourceDirectory C:\Users\gusthavo.abreu\Documents\GitHub\PW_query\Documents\GitHub\PW\CompraFacil\src\main\resources
2014-10-29 10:35:53,170 [Worker-14] INFO  o.e.m.c.i.embedder.EclipseLogger - Using 'UTF-8' encoding to copy filtered resources.
2014-10-29 10:35:53,170 [Worker-14] INFO  o.e.m.c.i.embedder.EclipseLogger - skip non existing resourceDirectory C:\Users\gusthavo.abreu\Documents\GitHub\PW_query\Documents\GitHub\PW\CompraFacil\src\test\resources
2014-10-29 10:36:29,913 [Worker-19] INFO  o.e.m.i.launch.MavenLaunchDelegate - C:\Users\gusthavo.abreu\Documents\GitHub\PW_query\Documents\GitHub\PW\CompraFacil
2014-10-29 10:36:29,913 [Worker-19] INFO  o.e.m.i.launch.MavenLaunchDelegate -  mvn  -B tomcat7:run
2014-10-29 11:24:50,083 [Worker-19] INFO  o.e.m.c.i.embedder.EclipseLogger - Using 'UTF-8' encoding to copy filtered resources.
2014-10-29 11:24:50,083 [Worker-19] INFO  o.e.m.c.i.embedder.EclipseLogger - skip non existing resourceDirectory C:\Users\gusthavo.abreu\Documents\GitHub\PW_query\Documents\GitHub\PW\CompraFacil\src\main\resources
2014-10-29 11:24:50,083 [Worker-19] INFO  o.e.m.c.i.embedder.EclipseLogger - Using 'UTF-8' encoding to copy filtered resources.
2014-10-29 11:24:50,083 [Worker-19] INFO  o.e.m.c.i.embedder.EclipseLogger - skip non existing resourceDirectory C:\Users\gusthavo.abreu\Documents\GitHub\PW_query\Documents\GitHub\PW\CompraFacil\src\test\resources
2014-10-29 11:24:55,875 [Worker-18] INFO  o.e.m.i.launch.MavenLaunchDelegate - C:\Users\gusthavo.abreu\Documents\GitHub\PW_query\Documents\GitHub\PW\CompraFacil
2014-10-29 11:24:55,875 [Worker-18] INFO  o.e.m.i.launch.MavenLaunchDelegate -  mvn  -B tomcat7:run
2014-10-29 11:25:41,568 [Worker-21] INFO  o.e.m.c.i.embedder.EclipseLogger - Using 'UTF-8' encoding to copy filtered resources.
2014-10-29 11:25:41,568 [Worker-21] INFO  o.e.m.c.i.embedder.EclipseLogger - skip non existing resourceDirectory C:\Users\gusthavo.abreu\Documents\GitHub\PW_query\Documents\GitHub\PW\CompraFacil\src\main\resources
2014-10-29 11:25:41,568 [Worker-21] INFO  o.e.m.c.i.embedder.EclipseLogger - Using 'UTF-8' encoding to copy filtered resources.
2014-10-29 11:25:41,568 [Worker-21] INFO  o.e.m.c.i.embedder.EclipseLogger - skip non existing resourceDirectory C:\Users\gusthavo.abreu\Documents\GitHub\PW_query\Documents\GitHub\PW\CompraFacil\src\test\resources
2014-10-29 11:25:50,689 [Worker-21] INFO  o.e.m.i.launch.MavenLaunchDelegate - C:\Users\gusthavo.abreu\Documents\GitHub\PW_query\Documents\GitHub\PW\CompraFacil
2014-10-29 11:25:50,709 [Worker-21] INFO  o.e.m.i.launch.MavenLaunchDelegate -  mvn  -B tomcat7:run
2014-10-29 11:38:50,939 [Worker-21] INFO  o.e.m.c.i.embedder.EclipseLogger - Using 'UTF-8' encoding to copy filtered resources.
2014-10-29 11:38:50,939 [Worker-21] INFO  o.e.m.c.i.embedder.EclipseLogger - skip non existing resourceDirectory C:\Users\gusthavo.abreu\Documents\GitHub\PW_query\Documents\GitHub\PW\CompraFacil\src\main\resources
2014-10-29 11:38:50,940 [Worker-21] INFO  o.e.m.c.i.embedder.EclipseLogger - Using 'UTF-8' encoding to copy filtered resources.
2014-10-29 11:38:50,940 [Worker-21] INFO  o.e.m.c.i.embedder.EclipseLogger - skip non existing resourceDirectory C:\Users\gusthavo.abreu\Documents\GitHub\PW_query\Documents\GitHub\PW\CompraFacil\src\test\resources
2014-10-29 11:39:17,978 [Worker-9] INFO  o.e.m.c.i.embedder.EclipseLogger - Using 'UTF-8' encoding to copy filtered resources.
2014-10-29 11:39:17,978 [Worker-9] INFO  o.e.m.c.i.embedder.EclipseLogger - skip non existing resourceDirectory C:\Users\gusthavo.abreu\Documents\GitHub\PW_query\Documents\GitHub\PW\CompraFacil\src\main\resources
2014-10-29 11:39:17,988 [Worker-9] INFO  o.e.m.c.i.embedder.EclipseLogger - Using 'UTF-8' encoding to copy filtered resources.
2014-10-29 11:39:17,988 [Worker-9] INFO  o.e.m.c.i.embedder.EclipseLogger - skip non existing resourceDirectory C:\Users\gusthavo.abreu\Documents\GitHub\PW_query\Documents\GitHub\PW\CompraFacil\src\test\resources
2014-10-29 11:39:47,232 [Worker-17] INFO  o.e.m.c.i.embedder.EclipseLogger - Using 'UTF-8' encoding to copy filtered resources.
2014-10-29 11:39:47,232 [Worker-17] INFO  o.e.m.c.i.embedder.EclipseLogger - skip non existing resourceDirectory C:\Users\gusthavo.abreu\Documents\GitHub\PW_query\Documents\GitHub\PW\CompraFacil\src\main\resources
2014-10-29 11:39:47,232 [Worker-17] INFO  o.e.m.c.i.embedder.EclipseLogger - Using 'UTF-8' encoding to copy filtered resources.
2014-10-29 11:39:47,232 [Worker-17] INFO  o.e.m.c.i.embedder.EclipseLogger - skip non existing resourceDirectory C:\Users\gusthavo.abreu\Documents\GitHub\PW_query\Documents\GitHub\PW\CompraFacil\src\test\resources
2014-10-29 11:39:52,196 [Worker-21] INFO  o.e.m.i.launch.MavenLaunchDelegate - C:\Users\gusthavo.abreu\Documents\GitHub\PW_query\Documents\GitHub\PW\CompraFacil
2014-10-29 11:39:52,196 [Worker-21] INFO  o.e.m.i.launch.MavenLaunchDelegate -  mvn  -B tomcat7:run
2014-10-29 11:40:31,201 [Worker-17] INFO  o.e.m.c.i.embedder.EclipseLogger - Using 'UTF-8' encoding to copy filtered resources.
2014-10-29 11:40:31,201 [Worker-17] INFO  o.e.m.c.i.embedder.EclipseLogger - skip non existing resourceDirectory C:\Users\gusthavo.abreu\Documents\GitHub\PW_query\Documents\GitHub\PW\CompraFacil\src\main\resources
2014-10-29 11:40:31,201 [Worker-17] INFO  o.e.m.c.i.embedder.EclipseLogger - Using 'UTF-8' encoding to copy filtered resources.
2014-10-29 11:40:31,201 [Worker-17] INFO  o.e.m.c.i.embedder.EclipseLogger - skip non existing resourceDirectory C:\Users\gusthavo.abreu\Documents\GitHub\PW_query\Documents\GitHub\PW\CompraFacil\src\test\resources
2014-10-29 11:48:16,889 [Worker-22] INFO  o.e.m.c.i.embedder.EclipseLogger - Using 'UTF-8' encoding to copy filtered resources.
2014-10-29 11:48:16,889 [Worker-22] INFO  o.e.m.c.i.embedder.EclipseLogger - skip non existing resourceDirectory C:\Users\gusthavo.abreu\Documents\GitHub\PW_query\Documents\GitHub\PW\CompraFacil\src\main\resources
2014-10-29 11:48:16,889 [Worker-22] INFO  o.e.m.c.i.embedder.EclipseLogger - Using 'UTF-8' encoding to copy filtered resources.
2014-10-29 11:48:16,889 [Worker-22] INFO  o.e.m.c.i.embedder.EclipseLogger - skip non existing resourceDirectory C:\Users\gusthavo.abreu\Documents\GitHub\PW_query\Documents\GitHub\PW\CompraFacil\src\test\resources
2014-10-29 11:48:20,110 [Worker-9] INFO  o.e.m.c.i.embedder.EclipseLogger - Using 'UTF-8' encoding to copy filtered resources.
2014-10-29 11:48:20,110 [Worker-9] INFO  o.e.m.c.i.embedder.EclipseLogger - skip non existing resourceDirectory C:\Users\gusthavo.abreu\Documents\GitHub\PW_query\Documents\GitHub\PW\CompraFacil\src\main\resources
2014-10-29 11:48:20,110 [Worker-9] INFO  o.e.m.c.i.embedder.EclipseLogger - Using 'UTF-8' encoding to copy filtered resources.
2014-10-29 11:48:20,110 [Worker-9] INFO  o.e.m.c.i.embedder.EclipseLogger - skip non existing resourceDirectory C:\Users\gusthavo.abreu\Documents\GitHub\PW_query\Documents\GitHub\PW\CompraFacil\src\test\resources
2014-10-29 11:48:27,511 [Worker-22] INFO  o.e.m.i.launch.MavenLaunchDelegate - C:\Users\gusthavo.abreu\Documents\GitHub\PW_query\Documents\GitHub\PW\CompraFacil
2014-10-29 11:48:27,511 [Worker-22] INFO  o.e.m.i.launch.MavenLaunchDelegate -  mvn  -B tomcat7:run
2014-10-29 11:55:48,886 [Worker-26] INFO  o.e.m.c.i.embedder.EclipseLogger - Using 'UTF-8' encoding to copy filtered resources.
2014-10-29 11:55:48,886 [Worker-26] INFO  o.e.m.c.i.embedder.EclipseLogger - skip non existing resourceDirectory C:\Users\gusthavo.abreu\Documents\GitHub\PW_query\Documents\GitHub\PW\CompraFacil\src\main\resources
2014-10-29 11:55:48,886 [Worker-26] INFO  o.e.m.c.i.embedder.EclipseLogger - Using 'UTF-8' encoding to copy filtered resources.
2014-10-29 11:55:48,886 [Worker-26] INFO  o.e.m.c.i.embedder.EclipseLogger - skip non existing resourceDirectory C:\Users\gusthavo.abreu\Documents\GitHub\PW_query\Documents\GitHub\PW\CompraFacil\src\test\resources
2014-10-29 11:55:59,196 [Worker-21] INFO  o.e.m.i.launch.MavenLaunchDelegate - C:\Users\gusthavo.abreu\Documents\GitHub\PW_query\Documents\GitHub\PW\CompraFacil
2014-10-29 11:55:59,196 [Worker-21] INFO  o.e.m.i.launch.MavenLaunchDelegate -  mvn  -B tomcat7:run
2014-10-29 11:57:06,981 [Worker-26] INFO  o.e.m.c.i.embedder.EclipseLogger - Using 'UTF-8' encoding to copy filtered resources.
2014-10-29 11:57:06,981 [Worker-26] INFO  o.e.m.c.i.embedder.EclipseLogger - skip non existing resourceDirectory C:\Users\gusthavo.abreu\Documents\GitHub\PW_query\Documents\GitHub\PW\CompraFacil\src\main\resources
2014-10-29 11:57:06,981 [Worker-26] INFO  o.e.m.c.i.embedder.EclipseLogger - Using 'UTF-8' encoding to copy filtered resources.
2014-10-29 11:57:06,981 [Worker-26] INFO  o.e.m.c.i.embedder.EclipseLogger - skip non existing resourceDirectory C:\Users\gusthavo.abreu\Documents\GitHub\PW_query\Documents\GitHub\PW\CompraFacil\src\test\resources
2014-10-29 11:59:51,416 [Worker-26] INFO  o.e.m.c.i.embedder.EclipseLogger - Using 'UTF-8' encoding to copy filtered resources.
2014-10-29 11:59:51,416 [Worker-26] INFO  o.e.m.c.i.embedder.EclipseLogger - skip non existing resourceDirectory C:\Users\gusthavo.abreu\Documents\GitHub\PW_query\Documents\GitHub\PW\CompraFacil\src\main\resources
2014-10-29 11:59:51,416 [Worker-26] INFO  o.e.m.c.i.embedder.EclipseLogger - Using 'UTF-8' encoding to copy filtered resources.
2014-10-29 11:59:51,416 [Worker-26] INFO  o.e.m.c.i.embedder.EclipseLogger - skip non existing resourceDirectory C:\Users\gusthavo.abreu\Documents\GitHub\PW_query\Documents\GitHub\PW\CompraFacil\src\test\resources
2014-10-29 12:01:10,449 [Worker-9] INFO  o.e.m.c.i.embedder.EclipseLogger - Using 'UTF-8' encoding to copy filtered resources.
2014-10-29 12:01:10,449 [Worker-9] INFO  o.e.m.c.i.embedder.EclipseLogger - skip non existing resourceDirectory C:\Users\gusthavo.abreu\Documents\GitHub\PW_query\Documents\GitHub\PW\CompraFacil\src\main\resources
2014-10-29 12:01:10,449 [Worker-9] INFO  o.e.m.c.i.embedder.EclipseLogger - Using 'UTF-8' encoding to copy filtered resources.
2014-10-29 12:01:10,449 [Worker-9] INFO  o.e.m.c.i.embedder.EclipseLogger - skip non existing resourceDirectory C:\Users\gusthavo.abreu\Documents\GitHub\PW_query\Documents\GitHub\PW\CompraFacil\src\test\resources
2014-10-29 12:01:28,685 [Worker-26] INFO  o.e.m.i.launch.MavenLaunchDelegate - C:\Users\gusthavo.abreu\Documents\GitHub\PW_query\Documents\GitHub\PW\CompraFacil
2014-10-29 12:01:28,685 [Worker-26] INFO  o.e.m.i.launch.MavenLaunchDelegate -  mvn  -B tomcat7:run
2014-10-29 12:06:45,771 [Worker-21] INFO  o.e.m.c.i.embedder.EclipseLogger - Using 'UTF-8' encoding to copy filtered resources.
2014-10-29 12:06:45,771 [Worker-21] INFO  o.e.m.c.i.embedder.EclipseLogger - skip non existing resourceDirectory C:\Users\gusthavo.abreu\Documents\GitHub\PW_query\Documents\GitHub\PW\CompraFacil\src\main\resources
2014-10-29 12:06:45,771 [Worker-21] INFO  o.e.m.c.i.embedder.EclipseLogger - Using 'UTF-8' encoding to copy filtered resources.
2014-10-29 12:06:45,771 [Worker-21] INFO  o.e.m.c.i.embedder.EclipseLogger - skip non existing resourceDirectory C:\Users\gusthavo.abreu\Documents\GitHub\PW_query\Documents\GitHub\PW\CompraFacil\src\test\resources
2014-10-29 12:06:50,961 [Worker-17] INFO  o.e.m.c.i.embedder.EclipseLogger - Using 'UTF-8' encoding to copy filtered resources.
2014-10-29 12:06:50,961 [Worker-17] INFO  o.e.m.c.i.embedder.EclipseLogger - skip non existing resourceDirectory C:\Users\gusthavo.abreu\Documents\GitHub\PW_query\Documents\GitHub\PW\CompraFacil\src\main\resources
2014-10-29 12:06:50,961 [Worker-17] INFO  o.e.m.c.i.embedder.EclipseLogger - Using 'UTF-8' encoding to copy filtered resources.
2014-10-29 12:06:50,961 [Worker-17] INFO  o.e.m.c.i.embedder.EclipseLogger - skip non existing resourceDirectory C:\Users\gusthavo.abreu\Documents\GitHub\PW_query\Documents\GitHub\PW\CompraFacil\src\test\resources
2014-10-29 12:07:12,497 [Worker-22] INFO  o.e.m.c.i.embedder.EclipseLogger - Using 'UTF-8' encoding to copy filtered resources.
2014-10-29 12:07:12,497 [Worker-22] INFO  o.e.m.c.i.embedder.EclipseLogger - skip non existing resourceDirectory C:\Users\gusthavo.abreu\Documents\GitHub\PW_query\Documents\GitHub\PW\CompraFacil\src\main\resources
2014-10-29 12:07:12,497 [Worker-22] INFO  o.e.m.c.i.embedder.EclipseLogger - Using 'UTF-8' encoding to copy filtered resources.
2014-10-29 12:07:12,497 [Worker-22] INFO  o.e.m.c.i.embedder.EclipseLogger - skip non existing resourceDirectory C:\Users\gusthavo.abreu\Documents\GitHub\PW_query\Documents\GitHub\PW\CompraFacil\src\test\resources
2014-10-29 12:07:18,789 [Worker-9] INFO  o.e.m.c.i.embedder.EclipseLogger - Using 'UTF-8' encoding to copy filtered resources.
2014-10-29 12:07:18,789 [Worker-9] INFO  o.e.m.c.i.embedder.EclipseLogger - skip non existing resourceDirectory C:\Users\gusthavo.abreu\Documents\GitHub\PW_query\Documents\GitHub\PW\CompraFacil\src\main\resources
2014-10-29 12:07:18,789 [Worker-9] INFO  o.e.m.c.i.embedder.EclipseLogger - Using 'UTF-8' encoding to copy filtered resources.
2014-10-29 12:07:18,789 [Worker-9] INFO  o.e.m.c.i.embedder.EclipseLogger - skip non existing resourceDirectory C:\Users\gusthavo.abreu\Documents\GitHub\PW_query\Documents\GitHub\PW\CompraFacil\src\test\resources
2014-10-29 12:07:25,485 [Worker-18] INFO  o.e.m.i.launch.MavenLaunchDelegate - C:\Users\gusthavo.abreu\Documents\GitHub\PW_query\Documents\GitHub\PW\CompraFacil
2014-10-29 12:07:25,485 [Worker-18] INFO  o.e.m.i.launch.MavenLaunchDelegate -  mvn  -B tomcat7:run
